<?xml version="1.0" encoding="UTF-8"?>
<testsuite xmlns:xsi="http://www.w3.org/2001/XMLSchema-instance" xsi:noNamespaceSchemaLocation="https://maven.apache.org/surefire/maven-surefire-plugin/xsd/surefire-test-report-3.0.xsd" version="3.0" name="com.millenium.controller.DemoApplicationTests" time="5.732" tests="1" errors="0" skipped="0" failures="0">
  <properties>
[...]
</properties>
  <testcase name="contextLoads" classname="com.millenium.controller.DemoApplicationTests" time="1.167">
    <system-out><![CDATA[11:20:57.353 [main] INFO org.springframework.test.context.support.AnnotationConfigContextLoaderUtils -- Could not detect default configuration classes for test class [com.millenium.controller.DemoApplicationTests]: DemoApplicationTests does not declare any static, non-private, non-final, nested classes annotated with @Configuration.
11:20:57.560 [main] INFO org.springframework.boot.test.context.SpringBootTestContextBootstrapper -- Found @SpringBootConfiguration com.DemoApplication for test class com.millenium.controller.DemoApplicationTests
11:20:57.894 [main] INFO org.springframework.boot.devtools.restart.RestartApplicationListener -- Restart disabled due to context in which it is running
  .   ____          _            __ _ _
 /\\ / ___'_ __ _ _(_)_ __  __ _ \ \ \ \
( ( )\___ | '_ | '_| | '_ \/ _` | \ \ \ \
 \\/  ___)| |_)| | | | | || (_| |  ) ) ) )
  '  |____| .__|_| |_|_| |_\__, | / / / /
 =========|_|==============|___/=/_/_/_/

 :: Spring Boot ::                (v3.3.0)

2024-05-30T11:20:58.430+02:00  INFO 3248 --- [demo] [           main] c.m.controller.DemoApplicationTests      : Starting DemoApplicationTests using Java 17.0.11 with PID 3248 (started by drnefario in /Users/drnefario/Documents/Projects/MilleniumRadio)
2024-05-30T11:20:58.432+02:00  INFO 3248 --- [demo] [           main] c.m.controller.DemoApplicationTests      : No active profile set, falling back to 1 default profile: "default"
2024-05-30T11:21:00.192+02:00  WARN 3248 --- [demo] [           main] trationDelegate$BeanPostProcessorChecker : Bean 'org.springframework.ws.config.annotation.DelegatingWsConfiguration' of type [org.springframework.ws.config.annotation.DelegatingWsConfiguration$$SpringCGLIB$$0] is not eligible for getting processed by all BeanPostProcessors (for example: not eligible for auto-proxying). The currently created BeanPostProcessor [annotationActionEndpointMapping] is declared through a non-static factory method on that class; consider declaring it as static instead.
2024-05-30T11:21:00.288+02:00  INFO 3248 --- [demo] [           main] .w.s.a.s.AnnotationActionEndpointMapping : Supporting [WS-Addressing August 2004, WS-Addressing 1.0]
2024-05-30T11:21:01.549+02:00  INFO 3248 --- [demo] [           main] c.m.controller.DemoApplicationTests      : Started DemoApplicationTests in 3.684 seconds (process running for 5.685)
]]></system-out>
  </testcase>
</testsuite>